[17:46:11] [MOBIUS_LINK] Intent processed. Zone: GENERATIVE. Active Anchors: 10.
[17:52:42] [MOBIUS_LINK] Intent processed. Zone: GENERATIVE. Active Anchors: 34.
[17:53:36] [MOBIUS_LINK] Intent processed. Zone: GENERATIVE. Active Anchors: 34.
[17:55:03] [MOBIUS_LINK] Intent processed. Zone: GENERATIVE. Active Anchors: 34.
[17:55:41] [MOBIUS_LINK] Intent processed. Zone: GENERATIVE. Active Anchors: 19.
[17:56:47] [MOBIUS_LINK] Intent processed. Zone: GENERATIVE. Active Anchors: 34.
[17:57:52] [MOBIUS_LINK] Intent processed. Zone: GENERATIVE. Active Anchors: 34.
[17:59:35] [MOBIUS_LINK] Intent processed. Zone: GENERATIVE. Active Anchors: 34.
[17:59:46] [MOBIUS_LINK] Intent processed. Zone: GENERATIVE. Active Anchors: 32.
[18:05:24] [MOBIUS_LINK] Intent processed. Zone: GENERATIVE. Active Anchors: 29.
[18:06:06] [MOBIUS_LINK] Intent processed. Zone: GENERATIVE. Active Anchors: 29.
[18:06:46] [MOBIUS_LINK] Intent processed. Zone: GENERATIVE. Active Anchors: 23.
[18:06:54] [MOBIUS_LINK] Intent processed. Zone: GENERATIVE. Active Anchors: 1.
[18:07:12] [MOBIUS_LINK] Intent processed. Zone: GENERATIVE. Active Anchors: 31.
[18:10:35] [MOBIUS_LINK] Intent processed. Zone: GENERATIVE. Active Anchors: 34.
[18:13:19] [MOBIUS_LINK] Intent processed. Zone: GENERATIVE. Active Anchors: 32.
[20:06:18] [MOBIUS_LINK] Intent processed. Zone: TURBULENT. Active Anchors: 2.
[20:06:55] [MOBIUS_LINK] Intent processed. Zone: TURBULENT. Active Anchors: 2.
[20:16:43] [MOBIUS_LINK] Intent processed. Zone: TURBULENT. Active Anchors: 1.
[2026-03-07 21:20:01] [DAEMON INITIATED] 0x528 Background Process Active.
[2026-03-07 21:20:01]  → Binding cognitive routine (bounty_harvester_loop.py)
[2026-03-07 21:20:01] [EXECUTION] Launching cognitive cycle...
[18:03:56] [MOBIUS_LINK] Void Compass orientation triggered.
